This file contains any messages produced by compilers while
running configure, to aid debugging if configure makes a mistake.

It was created by gadem configure 1.0, which was
generated by GNU Autoconf 2.61.  Invocation command line was

  $ ./configure 

## --------- ##
## Platform. ##
## --------- ##

hostname = localhost
uname -m = x86_64
uname -r = 2.6.31-gentoo-r6
uname -s = Linux
uname -v = #1 SMP Thu Jan 28 13:03:48 Local time zone must be set--see zic 

/usr/bin/uname -p = Intel(R) Xeon(R) CPU E5520 @ 2.27GHz
/bin/uname -X     = unknown

/bin/arch              = unknown
/usr/bin/arch -k       = unknown
/usr/convex/getsysinfo = unknown
/usr/bin/hostinfo      = unknown
/bin/machine           = unknown
/usr/bin/oslevel       = unknown
/bin/universe          = unknown

PATH: /usr/local/bin
PATH: /usr/bin
PATH: /bin
PATH: /opt/bin
PATH: /usr/x86_64-pc-linux-gnu/gcc-bin/4.3.4
PATH: /opt/meme/bin


## ----------- ##
## Core tests. ##
## ----------- ##

configure:1774: checking for a BSD-compatible install
configure:1830: result: /usr/bin/install -c
configure:1841: checking whether build environment is sane
configure:1884: result: yes
configure:1912: checking for a thread-safe mkdir -p
configure:1951: result: /bin/mkdir -p
configure:1964: checking for gawk
configure:1980: found /usr/bin/gawk
configure:1991: result: gawk
configure:2002: checking whether make sets $(MAKE)
configure:2023: result: yes
configure:2267: checking for gcc
configure:2283: found /usr/bin/gcc
configure:2294: result: gcc
configure:2532: checking for C compiler version
configure:2539: gcc --version >&5
gcc (Gentoo 4.3.4 p1.0, pie-10.1.5) 4.3.4
Copyright (C) 2008 Free Software Foundation, Inc.
This is free software; see the source for copying conditions.  There is NO
warranty; not even for MERCHANTABILITY or FITNESS FOR A PARTICULAR PURPOSE.

configure:2542: $? = 0
configure:2549: gcc -v >&5
Using built-in specs.
Target: x86_64-pc-linux-gnu
Configured with: /var/tmp/portage/sys-devel/gcc-4.3.4/work/gcc-4.3.4/configure --prefix=/usr --bindir=/usr/x86_64-pc-linux-gnu/gcc-bin/4.3.4 --includedir=/usr/lib/gcc/x86_64-pc-linux-gnu/4.3.4/include --datadir=/usr/share/gcc-data/x86_64-pc-linux-gnu/4.3.4 --mandir=/usr/share/gcc-data/x86_64-pc-linux-gnu/4.3.4/man --infodir=/usr/share/gcc-data/x86_64-pc-linux-gnu/4.3.4/info --with-gxx-include-dir=/usr/lib/gcc/x86_64-pc-linux-gnu/4.3.4/include/g++-v4 --host=x86_64-pc-linux-gnu --build=x86_64-pc-linux-gnu --disable-altivec --disable-fixed-point --enable-nls --without-included-gettext --with-system-zlib --disable-checking --disable-werror --enable-secureplt --enable-multilib --enable-libmudflap --disable-libssp --enable-libgomp --disable-libgcj --enable-languages=c,c++,treelang,fortran --enable-shared --enable-threads=posix --enable-__cxa_atexit --enable-clocale=gnu --with-bugurl=http://bugs.gentoo.org/ --with-pkgversion='Gentoo 4.3.4 p1.0, pie-10.1.5'
Thread model: posix
gcc version 4.3.4 (Gentoo 4.3.4 p1.0, pie-10.1.5) 
configure:2552: $? = 0
configure:2559: gcc -V >&5
gcc: '-V' option must have argument
configure:2562: $? = 1
configure:2585: checking for C compiler default output file name
configure:2612: gcc    conftest.c  >&5
configure:2615: $? = 0
configure:2653: result: a.out
configure:2670: checking whether the C compiler works
configure:2680: ./a.out
configure:2683: $? = 0
configure:2700: result: yes
configure:2707: checking whether we are cross compiling
configure:2709: result: no
configure:2712: checking for suffix of executables
configure:2719: gcc -o conftest    conftest.c  >&5
configure:2722: $? = 0
configure:2746: result: 
configure:2752: checking for suffix of object files
configure:2778: gcc -c   conftest.c >&5
configure:2781: $? = 0
configure:2804: result: o
configure:2808: checking whether we are using the GNU C compiler
configure:2837: gcc -c   conftest.c >&5
configure:2843: $? = 0
configure:2860: result: yes
configure:2865: checking whether gcc accepts -g
configure:2895: gcc -c -g -O2  conftest.c >&5
configure:2901: $? = 0
configure:3000: result: yes
configure:3017: checking for gcc option to accept ISO C89
configure:3091: gcc  -c -g -O2  conftest.c >&5
configure:3097: $? = 0
configure:3120: result: none needed
configure:3149: checking for style of include used by make
configure:3177: result: GNU
configure:3202: checking dependency style of gcc
configure:3293: result: gcc3
configure:3314: checking for pow in -lm
configure:3349: gcc -o conftest -O2   conftest.c -lm   >&5
conftest.c:17: warning: conflicting types for built-in function 'pow'
configure:3355: $? = 0
configure:3373: result: yes
configure:3391: checking how to run the C preprocessor
configure:3431: gcc -E  conftest.c
configure:3437: $? = 0
configure:3468: gcc -E  conftest.c
conftest.c:11:28: error: ac_nonexistent.h: No such file or directory
configure:3474: $? = 1
configure: failed program was:
| /* confdefs.h.  */
| #define PACKAGE_NAME "gadem"
| #define PACKAGE_TARNAME "gadem"
| #define PACKAGE_VERSION "1.0"
| #define PACKAGE_STRING "gadem 1.0"
| #define PACKAGE_BUGREPORT "li3@niehs.nih.gov"
| #define PACKAGE "gadem"
| #define VERSION "1.0"
| #define HAVE_LIBM 1
| /* end confdefs.h.  */
| #include <ac_nonexistent.h>
configure:3507: result: gcc -E
configure:3536: gcc -E  conftest.c
configure:3542: $? = 0
configure:3573: gcc -E  conftest.c
conftest.c:11:28: error: ac_nonexistent.h: No such file or directory
configure:3579: $? = 1
configure: failed program was:
| /* confdefs.h.  */
| #define PACKAGE_NAME "gadem"
| #define PACKAGE_TARNAME "gadem"
| #define PACKAGE_VERSION "1.0"
| #define PACKAGE_STRING "gadem 1.0"
| #define PACKAGE_BUGREPORT "li3@niehs.nih.gov"
| #define PACKAGE "gadem"
| #define VERSION "1.0"
| #define HAVE_LIBM 1
| /* end confdefs.h.  */
| #include <ac_nonexistent.h>
configure:3617: checking for grep that handles long lines and -e
configure:3691: result: /bin/grep
configure:3696: checking for egrep
configure:3774: result: /bin/grep -E
configure:3779: checking for ANSI C header files
configure:3809: gcc -c -O2  conftest.c >&5
configure:3815: $? = 0
configure:3914: gcc -o conftest -O2   conftest.c -lm  >&5
configure:3917: $? = 0
configure:3923: ./conftest
configure:3926: $? = 0
configure:3943: result: yes
configure:3967: checking for sys/types.h
configure:3988: gcc -c -O2  conftest.c >&5
configure:3994: $? = 0
configure:4010: result: yes
configure:3967: checking for sys/stat.h
configure:3988: gcc -c -O2  conftest.c >&5
configure:3994: $? = 0
configure:4010: result: yes
configure:3967: checking for stdlib.h
configure:3988: gcc -c -O2  conftest.c >&5
configure:3994: $? = 0
configure:4010: result: yes
configure:3967: checking for string.h
configure:3988: gcc -c -O2  conftest.c >&5
configure:3994: $? = 0
configure:4010: result: yes
configure:3967: checking for memory.h
configure:3988: gcc -c -O2  conftest.c >&5
configure:3994: $? = 0
configure:4010: result: yes
configure:3967: checking for strings.h
configure:3988: gcc -c -O2  conftest.c >&5
configure:3994: $? = 0
configure:4010: result: yes
configure:3967: checking for inttypes.h
configure:3988: gcc -c -O2  conftest.c >&5
configure:3994: $? = 0
configure:4010: result: yes
configure:3967: checking for stdint.h
configure:3988: gcc -c -O2  conftest.c >&5
configure:3994: $? = 0
configure:4010: result: yes
configure:3967: checking for unistd.h
configure:3988: gcc -c -O2  conftest.c >&5
configure:3994: $? = 0
configure:4010: result: yes
configure:4040: checking limits.h usability
configure:4057: gcc -c -O2  conftest.c >&5
configure:4063: $? = 0
configure:4077: result: yes
configure:4081: checking limits.h presence
configure:4096: gcc -E  conftest.c
configure:4102: $? = 0
configure:4116: result: yes
configure:4149: checking for limits.h
configure:4157: result: yes
configure:4040: checking malloc.h usability
configure:4057: gcc -c -O2  conftest.c >&5
configure:4063: $? = 0
configure:4077: result: yes
configure:4081: checking malloc.h presence
configure:4096: gcc -E  conftest.c
configure:4102: $? = 0
configure:4116: result: yes
configure:4149: checking for malloc.h
configure:4157: result: yes
configure:4030: checking for stdlib.h
configure:4036: result: yes
configure:4030: checking for string.h
configure:4036: result: yes
configure:4172: checking for an ANSI C-conforming const
configure:4247: gcc -c -O2  conftest.c >&5
configure:4253: $? = 0
configure:4268: result: yes
configure:4278: checking for size_t
configure:4308: gcc -c -O2  conftest.c >&5
configure:4314: $? = 0
configure:4329: result: yes
configure:4342: checking for long
configure:4372: gcc -c -O2  conftest.c >&5
configure:4378: $? = 0
configure:4393: result: yes
configure:4400: checking size of long
configure:4702: gcc -o conftest -O2   conftest.c -lm  >&5
configure:4705: $? = 0
configure:4711: ./conftest
configure:4714: $? = 0
configure:4737: result: 8
configure:4766: checking for pow
configure:4822: gcc -o conftest -O2   conftest.c -lm  >&5
conftest.c:49: warning: conflicting types for built-in function 'pow'
configure:4828: $? = 0
configure:4846: result: yes
configure:4766: checking for fabs
configure:4822: gcc -o conftest -O2   conftest.c -lm  >&5
conftest.c:50: warning: conflicting types for built-in function 'fabs'
configure:4828: $? = 0
configure:4846: result: yes
configure:4766: checking for qsort
configure:4822: gcc -o conftest -O2   conftest.c -lm  >&5
configure:4828: $? = 0
configure:4846: result: yes
configure:4766: checking for floor
configure:4822: gcc -o conftest -O2   conftest.c -lm  >&5
conftest.c:52: warning: conflicting types for built-in function 'floor'
configure:4828: $? = 0
configure:4846: result: yes
configure:4766: checking for rint
configure:4822: gcc -o conftest -O2   conftest.c -lm  >&5
conftest.c:53: warning: conflicting types for built-in function 'rint'
configure:4828: $? = 0
configure:4846: result: yes
configure:4861: checking for stdlib.h
configure:4867: result: yes
configure:5001: checking for GNU libc compatible malloc
configure:5035: gcc -o conftest -O2   conftest.c -lm  >&5
configure:5038: $? = 0
configure:5044: ./conftest
configure:5047: $? = 0
configure:5063: result: yes
configure:5096: checking for stdlib.h
configure:5102: result: yes
configure:5236: checking for GNU libc compatible realloc
configure:5270: gcc -o conftest -O2   conftest.c -lm  >&5
configure:5273: $? = 0
configure:5279: ./conftest
configure:5282: $? = 0
configure:5298: result: yes
configure:5448: creating ./config.status

## ---------------------- ##
## Running config.status. ##
## ---------------------- ##

This file was extended by gadem config.status 1.0, which was
generated by GNU Autoconf 2.61.  Invocation command line was

  CONFIG_FILES    = 
  CONFIG_HEADERS  = 
  CONFIG_LINKS    = 
  CONFIG_COMMANDS = 
  $ ./config.status 

on localhost

config.status:639: creating Makefile
config.status:639: creating src/Makefile
config.status:639: creating examples/Makefile
config.status:639: creating config.h
config.status:926: executing depfiles commands

## ---------------- ##
## Cache variables. ##
## ---------------- ##

ac_cv_c_compiler_gnu=yes
ac_cv_c_const=yes
ac_cv_env_CC_set=
ac_cv_env_CC_value=
ac_cv_env_CFLAGS_set=
ac_cv_env_CFLAGS_value=
ac_cv_env_CPPFLAGS_set=
ac_cv_env_CPPFLAGS_value=
ac_cv_env_CPP_set=
ac_cv_env_CPP_value=
ac_cv_env_LDFLAGS_set=
ac_cv_env_LDFLAGS_value=
ac_cv_env_LIBS_set=
ac_cv_env_LIBS_value=
ac_cv_env_build_alias_set=
ac_cv_env_build_alias_value=
ac_cv_env_host_alias_set=
ac_cv_env_host_alias_value=
ac_cv_env_target_alias_set=
ac_cv_env_target_alias_value=
ac_cv_func_fabs=yes
ac_cv_func_floor=yes
ac_cv_func_malloc_0_nonnull=yes
ac_cv_func_pow=yes
ac_cv_func_qsort=yes
ac_cv_func_realloc_0_nonnull=yes
ac_cv_func_rint=yes
ac_cv_header_inttypes_h=yes
ac_cv_header_limits_h=yes
ac_cv_header_malloc_h=yes
ac_cv_header_memory_h=yes
ac_cv_header_stdc=yes
ac_cv_header_stdint_h=yes
ac_cv_header_stdlib_h=yes
ac_cv_header_string_h=yes
ac_cv_header_strings_h=yes
ac_cv_header_sys_stat_h=yes
ac_cv_header_sys_types_h=yes
ac_cv_header_unistd_h=yes
ac_cv_lib_m_pow=yes
ac_cv_objext=o
ac_cv_path_EGREP='/bin/grep -E'
ac_cv_path_GREP=/bin/grep
ac_cv_path_install='/usr/bin/install -c'
ac_cv_path_mkdir=/bin/mkdir
ac_cv_prog_AWK=gawk
ac_cv_prog_CPP='gcc -E'
ac_cv_prog_ac_ct_CC=gcc
ac_cv_prog_cc_c89=
ac_cv_prog_cc_g=yes
ac_cv_prog_make_make_set=yes
ac_cv_sizeof_long=8
ac_cv_type_long=yes
ac_cv_type_size_t=yes
am_cv_CC_dependencies_compiler_type=gcc3

## ----------------- ##
## Output variables. ##
## ----------------- ##

ACLOCAL='${SHELL} /home/simon/src/GADEM_v1.3/missing --run aclocal-1.10'
AMDEPBACKSLASH='\'
AMDEP_FALSE='#'
AMDEP_TRUE=''
AMTAR='${SHELL} /home/simon/src/GADEM_v1.3/missing --run tar'
AUTOCONF='${SHELL} /home/simon/src/GADEM_v1.3/missing --run autoconf'
AUTOHEADER='${SHELL} /home/simon/src/GADEM_v1.3/missing --run autoheader'
AUTOMAKE='${SHELL} /home/simon/src/GADEM_v1.3/missing --run automake-1.10'
AWK='gawk'
CC='gcc'
CCDEPMODE='depmode=gcc3'
CFLAGS='-O2'
CPP='gcc -E'
CPPFLAGS=''
CYGPATH_W='echo'
DEFS='-DHAVE_CONFIG_H'
DEPDIR='.deps'
ECHO_C=''
ECHO_N='-n'
ECHO_T=''
EGREP='/bin/grep -E'
EXEEXT=''
GREP='/bin/grep'
INSTALL_DATA='${INSTALL} -m 644'
INSTALL_PROGRAM='${INSTALL}'
INSTALL_SCRIPT='${INSTALL}'
INSTALL_STRIP_PROGRAM='$(install_sh) -c -s'
LARGERINT_FALSE='#'
LARGERINT_TRUE=''
LDFLAGS=''
LIBOBJS=''
LIBS='-lm '
LTLIBOBJS=''
MAKEINFO='${SHELL} /home/simon/src/GADEM_v1.3/missing --run makeinfo'
OBJEXT='o'
PACKAGE='gadem'
PACKAGE_BUGREPORT='li3@niehs.nih.gov'
PACKAGE_NAME='gadem'
PACKAGE_STRING='gadem 1.0'
PACKAGE_TARNAME='gadem'
PACKAGE_VERSION='1.0'
PATH_SEPARATOR=':'
SET_MAKE=''
SHELL='/bin/sh'
STRIP=''
VERSION='1.0'
ac_ct_CC='gcc'
am__fastdepCC_FALSE='#'
am__fastdepCC_TRUE=''
am__include='include'
am__isrc=''
am__leading_dot='.'
am__quote=''
am__tar='${AMTAR} chof - "$$tardir"'
am__untar='${AMTAR} xf -'
bindir='${exec_prefix}/bin'
build_alias=''
datadir='${datarootdir}'
datarootdir='${prefix}/share'
docdir='${datarootdir}/doc/${PACKAGE_TARNAME}'
dvidir='${docdir}'
exec_prefix='${prefix}'
host_alias=''
htmldir='${docdir}'
includedir='${prefix}/include'
infodir='${datarootdir}/info'
install_sh='$(SHELL) /home/simon/src/GADEM_v1.3/install-sh'
libdir='${exec_prefix}/lib'
libexecdir='${exec_prefix}/libexec'
localedir='${datarootdir}/locale'
localstatedir='${prefix}/var'
mandir='${datarootdir}/man'
mkdir_p='/bin/mkdir -p'
oldincludedir='/usr/include'
pdfdir='${docdir}'
prefix='/usr/local'
program_transform_name='s,x,x,'
psdir='${docdir}'
sbindir='${exec_prefix}/sbin'
sharedstatedir='${prefix}/com'
sysconfdir='${prefix}/etc'
target_alias=''

## ----------- ##
## confdefs.h. ##
## ----------- ##

#define PACKAGE_NAME "gadem"
#define PACKAGE_TARNAME "gadem"
#define PACKAGE_VERSION "1.0"
#define PACKAGE_STRING "gadem 1.0"
#define PACKAGE_BUGREPORT "li3@niehs.nih.gov"
#define PACKAGE "gadem"
#define VERSION "1.0"
#define HAVE_LIBM 1
#define STDC_HEADERS 1
#define HAVE_SYS_TYPES_H 1
#define HAVE_SYS_STAT_H 1
#define HAVE_STDLIB_H 1
#define HAVE_STRING_H 1
#define HAVE_MEMORY_H 1
#define HAVE_STRINGS_H 1
#define HAVE_INTTYPES_H 1
#define HAVE_STDINT_H 1
#define HAVE_UNISTD_H 1
#define HAVE_LIMITS_H 1
#define HAVE_MALLOC_H 1
#define HAVE_STDLIB_H 1
#define HAVE_STRING_H 1
#define SIZEOF_LONG 8
#define HAVE_POW 1
#define HAVE_FABS 1
#define HAVE_QSORT 1
#define HAVE_FLOOR 1
#define HAVE_RINT 1
#define HAVE_STDLIB_H 1
#define HAVE_MALLOC 1
#define HAVE_STDLIB_H 1
#define HAVE_REALLOC 1

configure: exit 0
