2010-06-22 15:36:30,630 - motif_analysis - INFO - Logging started
2010-06-22 15:36:30,631 - motif_analysis - INFO - Created logfile gimme_motifs_22_06_2010/gimme_motifs.log
2010-06-22 15:36:30,631 - motif_analysis - INFO - gimme_motifs version 0.50
2010-06-22 15:36:30,631 - motif_analysis - INFO - Created output directory gimme_motifs_22_06_2010 (all output files will be stored here)
2010-06-22 15:36:30,631 - motif_analysis - DEBUG - Parallel Python is installed
2010-06-22 15:36:30,631 - motif_analysis - DEBUG - Creating parallel python job server
2010-06-22 15:36:30,905 - motif_analysis - INFO - Starting full motif analysis
2010-06-22 15:36:30,906 - motif_analysis - INFO - Parameters:
2010-06-22 15:36:30,906 - motif_analysis - INFO -   background: random
2010-06-22 15:36:30,906 - motif_analysis - INFO -   lwidth: 500
2010-06-22 15:36:30,906 - motif_analysis - INFO -   abs_max: 100
2010-06-22 15:36:30,906 - motif_analysis - INFO -   weird_option: False
2010-06-22 15:36:30,906 - motif_analysis - INFO -   use_strand: False
2010-06-22 15:36:30,906 - motif_analysis - INFO -   tools: MDmodule
2010-06-22 15:36:30,907 - motif_analysis - INFO -   analysis: medium
2010-06-22 15:36:30,907 - motif_analysis - INFO -   pvalue: 0.001
2010-06-22 15:36:30,907 - motif_analysis - INFO -   width: 200
2010-06-22 15:36:30,907 - motif_analysis - INFO -   keep_intermediate: False
2010-06-22 15:36:30,907 - motif_analysis - INFO -   genome: hg18
2010-06-22 15:36:30,907 - motif_analysis - INFO -   fraction: 0.2
2010-06-22 15:36:30,907 - motif_analysis - INFO -   cluster_threshold: 0.95
2010-06-22 15:36:30,908 - motif_analysis - INFO -   available_tools: MDmodule,meme,Weeder,gadem,MotifSampler,trawler,Improbizer,MoAn,BioProspector
2010-06-22 15:36:30,908 - motif_analysis - INFO -   enrichment: 1.5
2010-06-22 15:36:30,913 - motif_analysis - INFO - Preparing input
2010-06-22 15:36:30,913 - motif_analysis - DEBUG - Creating inputfile gimme_motifs_22_06_2010/intermediate_results/gimme_motifs_22_06_2010_peakinputfile.bed, width 200
2010-06-22 15:36:30,921 - motif_analysis - DEBUG - Splitting gimme_motifs_22_06_2010/intermediate_results/gimme_motifs_22_06_2010_peakinputfile.bed into prediction set (gimme_motifs_22_06_2010/intermediate_results/gimme_motifs_22_06_2010_prediction.bed) and validation set (gimme_motifs_22_06_2010/intermediate_results/gimme_motifs_22_06_2010_validation.bed)
2010-06-22 15:36:30,927 - motif_analysis - DEBUG - Creating gimme_motifs_22_06_2010/intermediate_results/gimme_motifs_22_06_2010_prediction.fa
2010-06-22 15:36:30,953 - motif_analysis - DEBUG - Creating gimme_motifs_22_06_2010/intermediate_results/gimme_motifs_22_06_2010_validation.fa
2010-06-22 15:36:31,092 - motif_analysis - INFO - Creating matched genomic background (hg18, using genes in /usr/share/motiftools/genes/hg18.bed)
2010-06-22 15:36:39,378 - motif_analysis - DEBUG - Matched genomic background: gimme_motifs_22_06_2010/intermediate_results/gimme_motifs_22_06_2010_prediction_background.fa
2010-06-22 15:36:39,379 - motif_analysis - INFO - Creating random background (1st order Markov)
2010-06-22 15:36:48,797 - motif_analysis - DEBUG - Random background: gimme_motifs_22_06_2010/intermediate_results/gimme_motifs_22_06_2010_bg_random.fa
2010-06-22 15:36:48,797 - motif_analysis - INFO - Starting motif prediction (medium) using MDmodule
2010-06-22 15:36:49,635 - motif_analysis - INFO - Predicted 45 motifs, written to gimme_motifs_22_06_2010/intermediate_results/gimme_motifs_22_06_2010_all_motifs.pwm
2010-06-22 15:36:49,636 - motif_analysis - INFO - Scanning background sequences with motifs
2010-06-22 15:38:20,561 - motif_analysis - INFO - Calculating enrichment
2010-06-22 15:38:22,250 - motif_analysis - INFO - Determining significant motifs
2010-06-22 15:38:22,250 - motif_analysis - INFO - Thresholds: enrichment >= 1.5; p-value <= 0.001
2010-06-22 15:38:22,336 - motif_analysis - INFO - 25 motifs are significant, written to gimme_motifs_22_06_2010/intermediate_results/gimme_motifs_22_06_2010_significant_motifs.pwm
2010-06-22 15:38:37,531 - motif_analysis - INFO - Clustering significant motifs.
2010-06-22 15:38:45,744 - motif_analysis - INFO - Clustering done. See the result in gimme_motifs_22_06_2010/gimme_motifs_22_06_2010_cluster_report.html
2010-06-22 15:38:51,024 - motif_analysis - DEBUG - sorted: Motif.5.3	ACATG 1.39049642216 0.628736851852
2010-06-22 15:38:51,024 - motif_analysis - DEBUG - sorted: Motif.6.1	rCATGy 1.79911359488 0.660117839506
2010-06-22 15:38:51,024 - motif_analysis - DEBUG - sorted: Average_13	ACATGy 1.86191434021 0.688091296296
2010-06-22 15:38:51,024 - motif_analysis - DEBUG - sorted: Motif.9.4	GrCATGyCm 2.21058321677 0.692852962963
2010-06-22 15:38:51,025 - motif_analysis - DEBUG - sorted: Motif.8.3	ACATGyyC 2.28126383578 0.716948703704
2010-06-22 15:38:51,025 - motif_analysis - DEBUG - sorted: Motif.7.2	GrCATGy 2.34103877006 0.745704135802
2010-06-22 15:38:51,025 - motif_analysis - DEBUG - sorted: Motif.10.3	GrrCATGTnC 2.45841636439 0.730000432099
2010-06-22 15:38:51,025 - motif_analysis - DEBUG - end list
2010-06-22 15:38:55,014 - motif_analysis - DEBUG - sorted: Motif.9.3	GrGCnTGTy 1.7454554999 0.618624444444
2010-06-22 15:38:55,014 - motif_analysis - DEBUG - sorted: Motif.9.3	GrGCnTGTy 1.7454554999 0.618624444444
2010-06-22 15:38:55,014 - motif_analysis - DEBUG - end list
2010-06-22 15:38:59,757 - motif_analysis - DEBUG - sorted: Motif.8.5	mCTTGCCy 1.33059271903 0.605951419753
2010-06-22 15:38:59,757 - motif_analysis - DEBUG - sorted: Motif.8.4	CArGCATG 1.8236811853 0.631693765432
2010-06-22 15:38:59,757 - motif_analysis - DEBUG - sorted: Average_16	CAGGCAwG 2.02457545135 0.677227530864
2010-06-22 15:38:59,757 - motif_analysis - DEBUG - sorted: Motif.10.7	CAGrCATGyA 2.13907696926 0.691849814815
2010-06-22 15:38:59,758 - motif_analysis - DEBUG - end list
2010-06-22 15:39:04,545 - motif_analysis - DEBUG - sorted: Motif.10.2	CATGyCmnGG 1.85692240287 0.667392469136
2010-06-22 15:39:04,545 - motif_analysis - DEBUG - sorted: Average_14	CCTkGrCwTG 2.17141644944 0.666965864198
2010-06-22 15:39:04,545 - motif_analysis - DEBUG - sorted: Motif.10.1	CTGGGCwTGT 2.28065092275 0.668009814815
2010-06-22 15:39:04,545 - motif_analysis - DEBUG - end list
2010-06-22 15:39:08,458 - motif_analysis - DEBUG - sorted: Motif.9.2	GCCnGGGCw 2.20608179406 0.636858703704
2010-06-22 15:39:08,459 - motif_analysis - DEBUG - sorted: Motif.9.2	GCCnGGGCw 2.20608179406 0.636858703704
2010-06-22 15:39:08,459 - motif_analysis - DEBUG - end list
2010-06-22 15:39:13,781 - motif_analysis - DEBUG - sorted: Motif.6.3	ACCACA 1.68311408047 0.622826358025
2010-06-22 15:39:13,781 - motif_analysis - DEBUG - sorted: Motif.9.5	ACCACAnnn 1.75393975401 0.619596481481
2010-06-22 15:39:13,781 - motif_analysis - DEBUG - sorted: Average_12	AACCACA 2.03951827447 0.651473333333
2010-06-22 15:39:13,782 - motif_analysis - DEBUG - sorted: Motif.10.5	TGTGGTTTnn 2.13452939229 0.632478024691
2010-06-22 15:39:13,782 - motif_analysis - DEBUG - sorted: Motif.9.1	AAACCACAr 2.21775833681 0.649467839506
2010-06-22 15:39:13,782 - motif_analysis - DEBUG - sorted: Motif.8.2	wAACCACA 2.26176196759 0.650860493827
2010-06-22 15:39:13,782 - motif_analysis - DEBUG - end list
2010-06-22 15:39:18,329 - motif_analysis - DEBUG - sorted: Motif.10.8	CTATAATTAn 1.66326212382 0.571872839506
2010-06-22 15:39:18,330 - motif_analysis - DEBUG - sorted: Average_3	CTATwATTA 1.68695610171 0.565399135802
2010-06-22 15:39:18,330 - motif_analysis - DEBUG - sorted: Motif.9.8	CTATwATTA 1.71067254584 0.570457222222
2010-06-22 15:39:18,330 - motif_analysis - DEBUG - end list
2010-06-22 15:39:22,541 - motif_analysis - DEBUG - sorted: Motif.10.6	AAnnmAAGGC 1.37423074161 0.604640493827
2010-06-22 15:39:22,541 - motif_analysis - DEBUG - sorted: Motif.10.6	AAnnmAAGGC 1.37423074161 0.604640493827
2010-06-22 15:39:22,541 - motif_analysis - DEBUG - end list
2010-06-22 15:39:27,467 - motif_analysis - DEBUG - sorted: Motif.10.4	ATGAGTCAkA 1.61091336694 0.595329753086
2010-06-22 15:39:27,467 - motif_analysis - DEBUG - sorted: Motif.9.6	TCTGAsTCA 1.62699478496 0.584501419753
2010-06-22 15:39:27,467 - motif_analysis - DEBUG - sorted: Average_11	TGAsTCA 1.6959562276 0.584314382716
2010-06-22 15:39:27,467 - motif_analysis - DEBUG - sorted: Motif.7.1	TGAnTCA 1.7246645867 0.589435740741
2010-06-22 15:39:27,468 - motif_analysis - DEBUG - sorted: Motif.8.1	nTGAsTCA 1.91395646442 0.599197530864
2010-06-22 15:39:27,468 - motif_analysis - DEBUG - end list
2010-06-22 15:40:03,980 - motif_analysis - INFO - Creating localization plots
2010-06-22 15:40:12,056 - motif_analysis - INFO - Scanning background sequences with motifs
2010-06-22 15:40:34,737 - motif_analysis - INFO - Calculating enrichment
2010-06-22 15:40:47,263 - motif_analysis - INFO - Open gimme_motifs_22_06_2010/gimme_motifs_22_06_2010_motif_report.html in your browser to see your results.
2010-06-22 15:40:47,263 - motif_analysis - INFO - WARNING: names and locations of outputfiles have changed using a more consistent naming scheme!
2010-06-22 15:40:47,263 - motif_analysis - INFO - WARNING: option -k not specified. In the future this means that all intermediate files will be deleted. Please specificy -k if you want to keep the unclustered motifs, bed-files fasta-files etc.
2010-06-22 15:40:47,263 - motif_analysis - INFO - Done
